
> mrdinner-web@0.1.0 start
> react-scripts start

(node:4908) [DEP0176] DeprecationWarning: fs.F_OK is deprecated, use fs.constants.F_OK instead
(Use `node --trace-deprecation ...` to show where the warning was created)
(node:4908) [DEP_WEBPACK_DEV_SERVER_ON_AFTER_SETUP_MIDDLEWARE] DeprecationWarning: 'onAfterSetupMiddleware' option is deprecated. Please use the 'setupMiddlewares' option.
(node:4908) [DEP_WEBPACK_DEV_SERVER_ON_BEFORE_SETUP_MIDDLEWARE] DeprecationWarning: 'onBeforeSetupMiddleware' option is deprecated. Please use the 'setupMiddlewares' option.
Starting the development server...

Compiled with warnings.

[eslint] 
src\components\screens\DashboardScreen.js
  Line 11:9:  'isCustomer' is assigned a value but never used  no-unused-vars

src\components\screens\MenuDetailsScreen.js
  Line 21:22:   'setAddedItems' is assigned a value but never used  no-unused-vars
  Line 218:13:  'newOrder' is assigned a value but never used       no-unused-vars

src\components\screens\OrderCustomizationScreen.js
  Line 19:10:  'customerTier' is assigned a value but never used                                                            no-unused-vars
  Line 20:10:  'currentUser' is assigned a value but never used                                                             no-unused-vars
  Line 114:6:  React Hook useEffect has a missing dependency: 'quantity'. Either include it or remove the dependency array  react-hooks/exhaustive-deps
  Line 190:9:  'hasCustomizations' is assigned a value but never used                                                       no-unused-vars

src\components\screens\OrderDetailsScreen.js
  Line 6:10:   'data' is defined but never used                 no-unused-vars
  Line 118:9:  'formatDate' is assigned a value but never used  no-unused-vars
  Line 124:9:  'formatTime' is assigned a value but never used  no-unused-vars

src\components\screens\SignupScreen.js
  Line 7:7:    'BACKEND_URL' is assigned a value but never used  no-unused-vars
  Line 93:13:  'response' is assigned a value but never used     no-unused-vars

src\components\screens\StaffInventoryScreen.js
  Line 12:9:  'baseItems2_origin' is assigned a value but never used                                                        no-unused-vars
  Line 44:6:  React Hook useEffect has a missing dependency: 'baseItems'. Either include it or remove the dependency array  react-hooks/exhaustive-deps

src\components\screens\StaffLiquorScreen.js
  Line 39:6:  React Hook useEffect has a missing dependency: 'liquorItems'. Either include it or remove the dependency array  react-hooks/exhaustive-deps

src\components\screens\StaffLoginScreen.js
  Line 11:10:  'error' is assigned a value but never used  no-unused-vars

Search for the keywords to learn more about each warning.
To ignore, add // eslint-disable-next-line to the line before.

[1m[33mWARNING[39m[22m in [1m[eslint] 
src\components\screens\DashboardScreen.js
  Line 11:9:  'isCustomer' is assigned a value but never used  no-unused-vars

src\components\screens\MenuDetailsScreen.js
  Line 21:22:   'setAddedItems' is assigned a value but never used  no-unused-vars
  Line 218:13:  'newOrder' is assigned a value but never used       no-unused-vars

src\components\screens\OrderCustomizationScreen.js
  Line 19:10:  'customerTier' is assigned a value but never used                                                            no-unused-vars
  Line 20:10:  'currentUser' is assigned a value but never used                                                             no-unused-vars
  Line 114:6:  React Hook useEffect has a missing dependency: 'quantity'. Either include it or remove the dependency array  react-hooks/exhaustive-deps
  Line 190:9:  'hasCustomizations' is assigned a value but never used                                                       no-unused-vars

src\components\screens\OrderDetailsScreen.js
  Line 6:10:   'data' is defined but never used                 no-unused-vars
  Line 118:9:  'formatDate' is assigned a value but never used  no-unused-vars
  Line 124:9:  'formatTime' is assigned a value but never used  no-unused-vars

src\components\screens\SignupScreen.js
  Line 7:7:    'BACKEND_URL' is assigned a value but never used  no-unused-vars
  Line 93:13:  'response' is assigned a value but never used     no-unused-vars

src\components\screens\StaffInventoryScreen.js
  Line 12:9:  'baseItems2_origin' is assigned a value but never used                                                        no-unused-vars
  Line 44:6:  React Hook useEffect has a missing dependency: 'baseItems'. Either include it or remove the dependency array  react-hooks/exhaustive-deps

src\components\screens\StaffLiquorScreen.js
  Line 39:6:  React Hook useEffect has a missing dependency: 'liquorItems'. Either include it or remove the dependency array  react-hooks/exhaustive-deps

src\components\screens\StaffLoginScreen.js
  Line 11:10:  '[1m[31merror[39m[22m[1m' is assigned a value but never used  no-unused-vars

[39m[22m

webpack compiled with [1m[33m1 warning[39m[22m
Compiling...
Compiled with warnings.

[eslint] 
src\components\screens\DashboardScreen.js
  Line 11:9:  'isCustomer' is assigned a value but never used  no-unused-vars

src\components\screens\MenuDetailsScreen.js
  Line 21:22:   'setAddedItems' is assigned a value but never used  no-unused-vars
  Line 218:13:  'newOrder' is assigned a value but never used       no-unused-vars

src\components\screens\OrderCustomizationScreen.js
  Line 19:10:  'customerTier' is assigned a value but never used                                                            no-unused-vars
  Line 20:10:  'currentUser' is assigned a value but never used                                                             no-unused-vars
  Line 114:6:  React Hook useEffect has a missing dependency: 'quantity'. Either include it or remove the dependency array  react-hooks/exhaustive-deps
  Line 190:9:  'hasCustomizations' is assigned a value but never used                                                       no-unused-vars

src\components\screens\OrderDetailsScreen.js
  Line 6:10:  'data' is defined but never used  no-unused-vars

src\components\screens\SignupScreen.js
  Line 7:7:    'BACKEND_URL' is assigned a value but never used  no-unused-vars
  Line 93:13:  'response' is assigned a value but never used     no-unused-vars

src\components\screens\StaffInventoryScreen.js
  Line 12:9:  'baseItems2_origin' is assigned a value but never used                                                        no-unused-vars
  Line 44:6:  React Hook useEffect has a missing dependency: 'baseItems'. Either include it or remove the dependency array  react-hooks/exhaustive-deps

src\components\screens\StaffLiquorScreen.js
  Line 39:6:  React Hook useEffect has a missing dependency: 'liquorItems'. Either include it or remove the dependency array  react-hooks/exhaustive-deps

src\components\screens\StaffLoginScreen.js
  Line 11:10:  'error' is assigned a value but never used  no-unused-vars

Search for the keywords to learn more about each warning.
To ignore, add // eslint-disable-next-line to the line before.

[1m[33mWARNING[39m[22m in [1m[eslint] 
src\components\screens\DashboardScreen.js
  Line 11:9:  'isCustomer' is assigned a value but never used  no-unused-vars

src\components\screens\MenuDetailsScreen.js
  Line 21:22:   'setAddedItems' is assigned a value but never used  no-unused-vars
  Line 218:13:  'newOrder' is assigned a value but never used       no-unused-vars

src\components\screens\OrderCustomizationScreen.js
  Line 19:10:  'customerTier' is assigned a value but never used                                                            no-unused-vars
  Line 20:10:  'currentUser' is assigned a value but never used                                                             no-unused-vars
  Line 114:6:  React Hook useEffect has a missing dependency: 'quantity'. Either include it or remove the dependency array  react-hooks/exhaustive-deps
  Line 190:9:  'hasCustomizations' is assigned a value but never used                                                       no-unused-vars

src\components\screens\OrderDetailsScreen.js
  Line 6:10:  'data' is defined but never used  no-unused-vars

src\components\screens\SignupScreen.js
  Line 7:7:    'BACKEND_URL' is assigned a value but never used  no-unused-vars
  Line 93:13:  'response' is assigned a value but never used     no-unused-vars

src\components\screens\StaffInventoryScreen.js
  Line 12:9:  'baseItems2_origin' is assigned a value but never used                                                        no-unused-vars
  Line 44:6:  React Hook useEffect has a missing dependency: 'baseItems'. Either include it or remove the dependency array  react-hooks/exhaustive-deps

src\components\screens\StaffLiquorScreen.js
  Line 39:6:  React Hook useEffect has a missing dependency: 'liquorItems'. Either include it or remove the dependency array  react-hooks/exhaustive-deps

src\components\screens\StaffLoginScreen.js
  Line 11:10:  '[1m[31merror[39m[22m[1m' is assigned a value but never used  no-unused-vars

[39m[22m

webpack compiled with [1m[33m1 warning[39m[22m
Compiling...
Compiled with warnings.

[eslint] 
src\components\screens\DashboardScreen.js
  Line 11:9:  'isCustomer' is assigned a value but never used  no-unused-vars

src\components\screens\MenuDetailsScreen.js
  Line 21:22:   'setAddedItems' is assigned a value but never used  no-unused-vars
  Line 218:13:  'newOrder' is assigned a value but never used       no-unused-vars

src\components\screens\OrderCustomizationScreen.js
  Line 19:10:  'customerTier' is assigned a value but never used                                                            no-unused-vars
  Line 20:10:  'currentUser' is assigned a value but never used                                                             no-unused-vars
  Line 114:6:  React Hook useEffect has a missing dependency: 'quantity'. Either include it or remove the dependency array  react-hooks/exhaustive-deps
  Line 190:9:  'hasCustomizations' is assigned a value but never used                                                       no-unused-vars

src\components\screens\OrderDetailsScreen.js
  Line 6:10:   'data' is defined but never used                 no-unused-vars
  Line 118:9:  'formatDate' is assigned a value but never used  no-unused-vars
  Line 124:9:  'formatTime' is assigned a value but never used  no-unused-vars

src\components\screens\SignupScreen.js
  Line 7:7:    'BACKEND_URL' is assigned a value but never used  no-unused-vars
  Line 93:13:  'response' is assigned a value but never used     no-unused-vars

src\components\screens\StaffInventoryScreen.js
  Line 12:9:  'baseItems2_origin' is assigned a value but never used                                                        no-unused-vars
  Line 44:6:  React Hook useEffect has a missing dependency: 'baseItems'. Either include it or remove the dependency array  react-hooks/exhaustive-deps

src\components\screens\StaffLiquorScreen.js
  Line 39:6:  React Hook useEffect has a missing dependency: 'liquorItems'. Either include it or remove the dependency array  react-hooks/exhaustive-deps

src\components\screens\StaffLoginScreen.js
  Line 11:10:  'error' is assigned a value but never used  no-unused-vars

Search for the keywords to learn more about each warning.
To ignore, add // eslint-disable-next-line to the line before.

[1m[33mWARNING[39m[22m in [1m[eslint] 
src\components\screens\DashboardScreen.js
  Line 11:9:  'isCustomer' is assigned a value but never used  no-unused-vars

src\components\screens\MenuDetailsScreen.js
  Line 21:22:   'setAddedItems' is assigned a value but never used  no-unused-vars
  Line 218:13:  'newOrder' is assigned a value but never used       no-unused-vars

src\components\screens\OrderCustomizationScreen.js
  Line 19:10:  'customerTier' is assigned a value but never used                                                            no-unused-vars
  Line 20:10:  'currentUser' is assigned a value but never used                                                             no-unused-vars
  Line 114:6:  React Hook useEffect has a missing dependency: 'quantity'. Either include it or remove the dependency array  react-hooks/exhaustive-deps
  Line 190:9:  'hasCustomizations' is assigned a value but never used                                                       no-unused-vars

src\components\screens\OrderDetailsScreen.js
  Line 6:10:   'data' is defined but never used                 no-unused-vars
  Line 118:9:  'formatDate' is assigned a value but never used  no-unused-vars
  Line 124:9:  'formatTime' is assigned a value but never used  no-unused-vars

src\components\screens\SignupScreen.js
  Line 7:7:    'BACKEND_URL' is assigned a value but never used  no-unused-vars
  Line 93:13:  'response' is assigned a value but never used     no-unused-vars

src\components\screens\StaffInventoryScreen.js
  Line 12:9:  'baseItems2_origin' is assigned a value but never used                                                        no-unused-vars
  Line 44:6:  React Hook useEffect has a missing dependency: 'baseItems'. Either include it or remove the dependency array  react-hooks/exhaustive-deps

src\components\screens\StaffLiquorScreen.js
  Line 39:6:  React Hook useEffect has a missing dependency: 'liquorItems'. Either include it or remove the dependency array  react-hooks/exhaustive-deps

src\components\screens\StaffLoginScreen.js
  Line 11:10:  '[1m[31merror[39m[22m[1m' is assigned a value but never used  no-unused-vars

[39m[22m

webpack compiled with [1m[33m1 warning[39m[22m
Compiling...
Compiled with warnings.

[eslint] 
src\components\screens\DashboardScreen.js
  Line 11:9:  'isCustomer' is assigned a value but never used  no-unused-vars

src\components\screens\MenuDetailsScreen.js
  Line 21:22:   'setAddedItems' is assigned a value but never used  no-unused-vars
  Line 218:13:  'newOrder' is assigned a value but never used       no-unused-vars

src\components\screens\OrderCustomizationScreen.js
  Line 19:10:  'customerTier' is assigned a value but never used                                                            no-unused-vars
  Line 20:10:  'currentUser' is assigned a value but never used                                                             no-unused-vars
  Line 114:6:  React Hook useEffect has a missing dependency: 'quantity'. Either include it or remove the dependency array  react-hooks/exhaustive-deps
  Line 190:9:  'hasCustomizations' is assigned a value but never used                                                       no-unused-vars

src\components\screens\OrderDetailsScreen.js
  Line 6:10:   'data' is defined but never used                 no-unused-vars
  Line 118:9:  'formatDate' is assigned a value but never used  no-unused-vars
  Line 124:9:  'formatTime' is assigned a value but never used  no-unused-vars

src\components\screens\SignupScreen.js
  Line 7:7:    'BACKEND_URL' is assigned a value but never used  no-unused-vars
  Line 93:13:  'response' is assigned a value but never used     no-unused-vars

src\components\screens\StaffInventoryScreen.js
  Line 12:9:  'baseItems2_origin' is assigned a value but never used                                                        no-unused-vars
  Line 44:6:  React Hook useEffect has a missing dependency: 'baseItems'. Either include it or remove the dependency array  react-hooks/exhaustive-deps

src\components\screens\StaffLiquorScreen.js
  Line 39:6:  React Hook useEffect has a missing dependency: 'liquorItems'. Either include it or remove the dependency array  react-hooks/exhaustive-deps

src\components\screens\StaffLoginScreen.js
  Line 11:10:  'error' is assigned a value but never used  no-unused-vars

Search for the keywords to learn more about each warning.
To ignore, add // eslint-disable-next-line to the line before.

[1m[33mWARNING[39m[22m in [1m[eslint] 
src\components\screens\DashboardScreen.js
  Line 11:9:  'isCustomer' is assigned a value but never used  no-unused-vars

src\components\screens\MenuDetailsScreen.js
  Line 21:22:   'setAddedItems' is assigned a value but never used  no-unused-vars
  Line 218:13:  'newOrder' is assigned a value but never used       no-unused-vars

src\components\screens\OrderCustomizationScreen.js
  Line 19:10:  'customerTier' is assigned a value but never used                                                            no-unused-vars
  Line 20:10:  'currentUser' is assigned a value but never used                                                             no-unused-vars
  Line 114:6:  React Hook useEffect has a missing dependency: 'quantity'. Either include it or remove the dependency array  react-hooks/exhaustive-deps
  Line 190:9:  'hasCustomizations' is assigned a value but never used                                                       no-unused-vars

src\components\screens\OrderDetailsScreen.js
  Line 6:10:   'data' is defined but never used                 no-unused-vars
  Line 118:9:  'formatDate' is assigned a value but never used  no-unused-vars
  Line 124:9:  'formatTime' is assigned a value but never used  no-unused-vars

src\components\screens\SignupScreen.js
  Line 7:7:    'BACKEND_URL' is assigned a value but never used  no-unused-vars
  Line 93:13:  'response' is assigned a value but never used     no-unused-vars

src\components\screens\StaffInventoryScreen.js
  Line 12:9:  'baseItems2_origin' is assigned a value but never used                                                        no-unused-vars
  Line 44:6:  React Hook useEffect has a missing dependency: 'baseItems'. Either include it or remove the dependency array  react-hooks/exhaustive-deps

src\components\screens\StaffLiquorScreen.js
  Line 39:6:  React Hook useEffect has a missing dependency: 'liquorItems'. Either include it or remove the dependency array  react-hooks/exhaustive-deps

src\components\screens\StaffLoginScreen.js
  Line 11:10:  '[1m[31merror[39m[22m[1m' is assigned a value but never used  no-unused-vars

[39m[22m

webpack compiled with [1m[33m1 warning[39m[22m
Compiling...
Compiled with warnings.

[eslint] 
src\components\screens\DashboardScreen.js
  Line 11:9:  'isCustomer' is assigned a value but never used  no-unused-vars

src\components\screens\MenuDetailsScreen.js
  Line 21:22:   'setAddedItems' is assigned a value but never used  no-unused-vars
  Line 218:13:  'newOrder' is assigned a value but never used       no-unused-vars

src\components\screens\OrderCustomizationScreen.js
  Line 19:10:  'customerTier' is assigned a value but never used                                                            no-unused-vars
  Line 20:10:  'currentUser' is assigned a value but never used                                                             no-unused-vars
  Line 114:6:  React Hook useEffect has a missing dependency: 'quantity'. Either include it or remove the dependency array  react-hooks/exhaustive-deps
  Line 190:9:  'hasCustomizations' is assigned a value but never used                                                       no-unused-vars

src\components\screens\OrderDetailsScreen.js
  Line 6:10:   'data' is defined but never used                 no-unused-vars
  Line 118:9:  'formatDate' is assigned a value but never used  no-unused-vars
  Line 124:9:  'formatTime' is assigned a value but never used  no-unused-vars

src\components\screens\SignupScreen.js
  Line 7:7:    'BACKEND_URL' is assigned a value but never used  no-unused-vars
  Line 93:13:  'response' is assigned a value but never used     no-unused-vars

src\components\screens\StaffInventoryScreen.js
  Line 12:9:  'baseItems2_origin' is assigned a value but never used                                                        no-unused-vars
  Line 44:6:  React Hook useEffect has a missing dependency: 'baseItems'. Either include it or remove the dependency array  react-hooks/exhaustive-deps

src\components\screens\StaffLiquorScreen.js
  Line 39:6:  React Hook useEffect has a missing dependency: 'liquorItems'. Either include it or remove the dependency array  react-hooks/exhaustive-deps

src\components\screens\StaffLoginScreen.js
  Line 11:10:  'error' is assigned a value but never used  no-unused-vars

Search for the keywords to learn more about each warning.
To ignore, add // eslint-disable-next-line to the line before.

[1m[33mWARNING[39m[22m in [1m[eslint] 
src\components\screens\DashboardScreen.js
  Line 11:9:  'isCustomer' is assigned a value but never used  no-unused-vars

src\components\screens\MenuDetailsScreen.js
  Line 21:22:   'setAddedItems' is assigned a value but never used  no-unused-vars
  Line 218:13:  'newOrder' is assigned a value but never used       no-unused-vars

src\components\screens\OrderCustomizationScreen.js
  Line 19:10:  'customerTier' is assigned a value but never used                                                            no-unused-vars
  Line 20:10:  'currentUser' is assigned a value but never used                                                             no-unused-vars
  Line 114:6:  React Hook useEffect has a missing dependency: 'quantity'. Either include it or remove the dependency array  react-hooks/exhaustive-deps
  Line 190:9:  'hasCustomizations' is assigned a value but never used                                                       no-unused-vars

src\components\screens\OrderDetailsScreen.js
  Line 6:10:   'data' is defined but never used                 no-unused-vars
  Line 118:9:  'formatDate' is assigned a value but never used  no-unused-vars
  Line 124:9:  'formatTime' is assigned a value but never used  no-unused-vars

src\components\screens\SignupScreen.js
  Line 7:7:    'BACKEND_URL' is assigned a value but never used  no-unused-vars
  Line 93:13:  'response' is assigned a value but never used     no-unused-vars

src\components\screens\StaffInventoryScreen.js
  Line 12:9:  'baseItems2_origin' is assigned a value but never used                                                        no-unused-vars
  Line 44:6:  React Hook useEffect has a missing dependency: 'baseItems'. Either include it or remove the dependency array  react-hooks/exhaustive-deps

src\components\screens\StaffLiquorScreen.js
  Line 39:6:  React Hook useEffect has a missing dependency: 'liquorItems'. Either include it or remove the dependency array  react-hooks/exhaustive-deps

src\components\screens\StaffLoginScreen.js
  Line 11:10:  '[1m[31merror[39m[22m[1m' is assigned a value but never used  no-unused-vars

[39m[22m

webpack compiled with [1m[33m1 warning[39m[22m
